<?xml version="1.0" encoding="UTF-8"?>
<testsuite xmlns:xsi="http://www.w3.org/2001/XMLSchema-instance" xsi:noNamespaceSchemaLocation="https://maven.apache.org/surefire/maven-surefire-plugin/xsd/surefire-test-report.xsd" name="accounts.client.AccountClientTests" time="1.041" tests="7" errors="0" skipped="6" failures="0">
  <properties>
[...]
</properties>
  <testcase name="createAccount_using_admin_should_return_201" classname="accounts.client.AccountClientTests" time="0">
    <skipped message="public void accounts.client.AccountClientTests.createAccount_using_admin_should_return_201() is @Disabled"/>
    <system-out><![CDATA[INFO : o.s.b.t.c.SpringBootTestContextBootstrapper - Neither @ContextConfiguration nor @ContextHierarchy found for test class [accounts.client.AccountClientTests], using SpringBootContextLoader
INFO : o.s.t.c.support.AbstractContextLoader - Could not detect default resource locations for test class [accounts.client.AccountClientTests]: no resource found for suffixes {-context.xml, Context.groovy}.
INFO : o.s.b.t.c.SpringBootTestContextBootstrapper - Loaded default TestExecutionListener class names from location [META-INF/spring.factories]: [org.springframework.security.test.context.support.WithSecurityContextTestExecutionListener, org.springframework.security.test.context.support.ReactorContextTestExecutionListener, org.springframework.test.context.web.ServletTestExecutionListener, org.springframework.test.context.support.DirtiesContextBeforeModesTestExecutionListener, org.springframework.test.context.event.ApplicationEventsTestExecutionListener, org.springframework.test.context.support.DependencyInjectionTestExecutionListener, org.springframework.test.context.support.DirtiesContextTestExecutionListener, org.springframework.test.context.transaction.TransactionalTestExecutionListener, org.springframework.test.context.jdbc.SqlScriptsTestExecutionListener, org.springframework.test.context.event.EventPublishingTestExecutionListener, org.springframework.boot.test.mock.mockito.MockitoTestExecutionListener, org.springframework.boot.test.mock.mockito.ResetMocksTestExecutionListener, org.springframework.boot.test.autoconfigure.restdocs.RestDocsTestExecutionListener, org.springframework.boot.test.autoconfigure.web.client.MockRestServiceServerResetTestExecutionListener, org.springframework.boot.test.autoconfigure.web.servlet.MockMvcPrintOnlyOnFailureTestExecutionListener, org.springframework.boot.test.autoconfigure.web.servlet.WebDriverTestExecutionListener, org.springframework.boot.test.autoconfigure.webservices.client.MockWebServiceServerTestExecutionListener]
INFO : o.s.b.t.c.SpringBootTestContextBootstrapper - Using TestExecutionListeners: [org.springframework.test.context.web.ServletTestExecutionListener@10b87ff6, org.springframework.test.context.support.DirtiesContextBeforeModesTestExecutionListener@63262071, org.springframework.test.context.event.ApplicationEventsTestExecutionListener@2d4f67e, org.springframework.boot.test.mock.mockito.MockitoTestExecutionListener@1282f784, org.springframework.boot.test.autoconfigure.SpringBootDependencyInjectionTestExecutionListener@41167ded, org.springframework.test.context.support.DirtiesContextTestExecutionListener@13e1e816, org.springframework.test.context.transaction.TransactionalTestExecutionListener@36238b12, org.springframework.test.context.jdbc.SqlScriptsTestExecutionListener@33187485, org.springframework.security.test.context.support.WithSecurityContextTestExecutionListener@41938e1e, org.springframework.test.context.event.EventPublishingTestExecutionListener@5d2e6f62, org.springframework.security.test.context.support.ReactorContextTestExecutionListener@77ff14ce, org.springframework.boot.test.mock.mockito.ResetMocksTestExecutionListener@733fae8, org.springframework.boot.test.autoconfigure.restdocs.RestDocsTestExecutionListener@5a8d676e, org.springframework.boot.test.autoconfigure.web.client.MockRestServiceServerResetTestExecutionListener@74764622, org.springframework.boot.test.autoconfigure.web.servlet.MockMvcPrintOnlyOnFailureTestExecutionListener@7ba06506, org.springframework.boot.test.autoconfigure.web.servlet.WebDriverTestExecutionListener@63dc3420, org.springframework.boot.test.autoconfigure.webservices.client.MockWebServiceServerTestExecutionListener@525b8922]
 ::                                                         ____
 /\    ____                 ____             _              \ \ \
|/\|  / ___|___  _ __ ___  / ___| _ __  _ __(_)_ __   __ _   \ \ \
     | |   / _ \| '__/ _ \ \___ \| '_ \| '__| | '_ \ / _` |   \ \ \
     | |__| (_) | | |  __/  ___) | |_) | |  | | | | | (_| |   / / /
      \____\___/|_|  \___| |____/| .__/|_|  |_|_| |_|\__, |  / / /
 ================================|_|==================|___/=/_/_/=
   :: Core Spring Training ::                  :: v5.3.23.RELEASE ::

INFO : accounts.client.AccountClientTests - Starting AccountClientTests using Java 17.0.9 on iyuseogs-MacBook-Pro.local with PID 20208 (started by yuseogi in /Users/yuseogi/Desktop/work/github/Today-I-Learned/SPRING/spring-certified-professional/lab/42-security-rest)
DEBUG: accounts.client.AccountClientTests - Running with Spring Boot v2.7.5, Spring v5.3.23
INFO : accounts.client.AccountClientTests - No active profile set, falling back to 1 default profile: "default"
INFO : o.s.b.w.embedded.tomcat.TomcatWebServer - Tomcat initialized with port(s): 0 (http)
INFO : o.apache.coyote.http11.Http11NioProtocol - Initializing ProtocolHandler ["http-nio-auto-1"]
INFO : org.apache.catalina.core.StandardService - Starting service [Tomcat]
INFO : org.apache.catalina.core.StandardEngine - Starting Servlet engine: [Apache Tomcat/9.0.68]
INFO : o.a.c.c.C.[Tomcat].[localhost].[/] - Initializing Spring embedded WebApplicationContext
INFO : o.s.b.w.s.c.ServletWebServerApplicationContext - Root WebApplicationContext: initialization completed in 297 ms
INFO : accounts.internal.JpaAccountManager - Created JPA account-manager
WARN : o.s.b.a.o.j.JpaBaseConfiguration$JpaWebConfiguration - spring.jpa.open-in-view is enabled by default. Therefore, database queries may be performed during view rendering. Explicitly configure spring.jpa.open-in-view to disable this warning
INFO : o.s.b.a.w.s.WelcomePageHandlerMapping - Adding welcome page: class path resource [static/index.html]
DEBUG: _.s.web.servlet.HandlerMapping.Mappings - 
	a.w.AccountController:
	{GET [/authorities]}: getAuthoritiesForUser(String)
	{GET [/accounts/{accountId}/beneficiaries/{beneficiaryName}]}: getBeneficiary(int,String)
	{POST [/accounts/{accountId}/beneficiaries]}: addBeneficiary(long,String)
	{DELETE [/accounts/{accountId}/beneficiaries/{beneficiaryName}]}: removeBeneficiary(long,String)
	{GET [/accounts]}: accountSummary()
	{GET [/accounts/{id}]}: accountDetails(int)
	{POST [/accounts]}: createAccount(Account)
DEBUG: _.s.web.servlet.HandlerMapping.Mappings - 
	o.s.b.a.w.s.e.BasicErrorController:
	{ [/error]}: error(HttpServletRequest)
	{ [/error], produces [text/html]}: errorHtml(HttpServletRequest,HttpServletResponse)
DEBUG: _.s.web.servlet.HandlerMapping.Mappings - 'beanNameHandlerMapping' {}
DEBUG: _.s.web.servlet.HandlerMapping.Mappings - 'resourceHandlerMapping' {/webjars/**=ResourceHttpRequestHandler [classpath [META-INF/resources/webjars/]], /**=ResourceHttpRequestHandler [classpath [META-INF/resources/], classpath [resources/], classpath [static/], classpath [public/], ServletContext [/]]}
WARN : o.s.b.a.s.s.UserDetailsServiceAutoConfiguration - 

Using generated security password: 03a99a1c-d2a7-466e-9f15-1064dab6d698

This generated password is for development use only. Your security configuration must be updated before running your application in production.

INFO : o.s.s.web.DefaultSecurityFilterChain - Will secure any request with [org.springframework.security.web.session.DisableEncodeUrlFilter@72e4ffa2, org.springframework.security.web.context.request.async.WebAsyncManagerIntegrationFilter@34dda1b4, org.springframework.security.web.context.SecurityContextPersistenceFilter@c0cb9c2, org.springframework.security.web.header.HeaderWriterFilter@23a78d2e, org.springframework.security.web.csrf.CsrfFilter@280f061e, org.springframework.security.web.authentication.logout.LogoutFilter@64710a6, org.springframework.security.web.authentication.UsernamePasswordAuthenticationFilter@7f33ad20, org.springframework.security.web.authentication.ui.DefaultLoginPageGeneratingFilter@23c61c1b, org.springframework.security.web.authentication.ui.DefaultLogoutPageGeneratingFilter@193d73d3, org.springframework.security.web.authentication.www.BasicAuthenticationFilter@397f9672, org.springframework.security.web.savedrequest.RequestCacheAwareFilter@eb66b47, org.springframework.security.web.servletapi.SecurityContextHolderAwareRequestFilter@11e75942, org.springframework.security.web.authentication.AnonymousAuthenticationFilter@5cb4ba80, org.springframework.security.web.session.SessionManagementFilter@20724c21, org.springframework.security.web.access.ExceptionTranslationFilter@1a23136f, org.springframework.security.web.access.intercept.FilterSecurityInterceptor@55e02661]
INFO : o.apache.coyote.http11.Http11NioProtocol - Starting ProtocolHandler ["http-nio-auto-1"]
INFO : o.s.b.w.embedded.tomcat.TomcatWebServer - Tomcat started on port(s): 53364 (http) with context path ''
INFO : accounts.client.AccountClientTests - Started AccountClientTests in 1.032 seconds (JVM running for 3.16)
]]></system-out>
  </testcase>
  <testcase name="listAccounts_using_invalid_user_should_return_401" classname="accounts.client.AccountClientTests" time="0">
    <skipped message="public void accounts.client.AccountClientTests.listAccounts_using_invalid_user_should_return_401() throws java.lang.Exception is @Disabled"/>
  </testcase>
  <testcase name="createAccount_using_user_should_return_403" classname="accounts.client.AccountClientTests" time="0.002"/>
  <testcase name="listAccounts_using_valid_user_should_succeed" classname="accounts.client.AccountClientTests" time="0">
    <skipped message="public void accounts.client.AccountClientTests.listAccounts_using_valid_user_should_succeed() is @Disabled"/>
  </testcase>
  <testcase name="getAccount_using_valid_user_should_succeed" classname="accounts.client.AccountClientTests" time="0">
    <skipped message="public void accounts.client.AccountClientTests.getAccount_using_valid_user_should_succeed() is @Disabled"/>
  </testcase>
  <testcase name="listAccounts_using_valid_admin_should_succeed" classname="accounts.client.AccountClientTests" time="0">
    <skipped message="public void accounts.client.AccountClientTests.listAccounts_using_valid_admin_should_succeed() is @Disabled"/>
  </testcase>
  <testcase name="addAndDeleteBeneficiary_using_superadmin_should_succeed" classname="accounts.client.AccountClientTests" time="0">
    <skipped message="public void accounts.client.AccountClientTests.addAndDeleteBeneficiary_using_superadmin_should_succeed() is @Disabled"/>
  </testcase>
</testsuite>