<?xml version="1.0" encoding="UTF-8"?>
<testsuite xmlns:xsi="http://www.w3.org/2001/XMLSchema-instance" xsi:noNamespaceSchemaLocation="https://maven.apache.org/surefire/maven-surefire-plugin/xsd/surefire-test-report.xsd" name="accounts.web.AccountControllerTests" time="0.294" tests="15" errors="0" skipped="14" failures="0">
  <properties>
[...]
</properties>
  <testcase name="getBeneficiary_with_SUPERADMIN_role_should_return_200" classname="accounts.web.AccountControllerTests" time="0">
    <skipped message="public void accounts.web.AccountControllerTests.getBeneficiary_with_SUPERADMIN_role_should_return_200() throws java.lang.Exception is @Disabled"/>
    <system-out><![CDATA[INFO : o.s.t.c.support.AbstractContextLoader - Could not detect default resource locations for test class [accounts.web.AccountControllerTests]: no resource found for suffixes {-context.xml, Context.groovy}.
INFO : o.s.b.t.a.w.s.WebMvcTestContextBootstrapper - Loaded default TestExecutionListener class names from location [META-INF/spring.factories]: [org.springframework.security.test.context.support.WithSecurityContextTestExecutionListener, org.springframework.security.test.context.support.ReactorContextTestExecutionListener, org.springframework.test.context.web.ServletTestExecutionListener, org.springframework.test.context.support.DirtiesContextBeforeModesTestExecutionListener, org.springframework.test.context.event.ApplicationEventsTestExecutionListener, org.springframework.test.context.support.DependencyInjectionTestExecutionListener, org.springframework.test.context.support.DirtiesContextTestExecutionListener, org.springframework.test.context.transaction.TransactionalTestExecutionListener, org.springframework.test.context.jdbc.SqlScriptsTestExecutionListener, org.springframework.test.context.event.EventPublishingTestExecutionListener, org.springframework.boot.test.mock.mockito.MockitoTestExecutionListener, org.springframework.boot.test.mock.mockito.ResetMocksTestExecutionListener, org.springframework.boot.test.autoconfigure.restdocs.RestDocsTestExecutionListener, org.springframework.boot.test.autoconfigure.web.client.MockRestServiceServerResetTestExecutionListener, org.springframework.boot.test.autoconfigure.web.servlet.MockMvcPrintOnlyOnFailureTestExecutionListener, org.springframework.boot.test.autoconfigure.web.servlet.WebDriverTestExecutionListener, org.springframework.boot.test.autoconfigure.webservices.client.MockWebServiceServerTestExecutionListener]
INFO : o.s.b.t.a.w.s.WebMvcTestContextBootstrapper - Using TestExecutionListeners: [org.springframework.test.context.web.ServletTestExecutionListener@1570cad0, org.springframework.test.context.support.DirtiesContextBeforeModesTestExecutionListener@21090c88, org.springframework.test.context.event.ApplicationEventsTestExecutionListener@d62472f, org.springframework.boot.test.mock.mockito.MockitoTestExecutionListener@63a84bb6, org.springframework.boot.test.autoconfigure.SpringBootDependencyInjectionTestExecutionListener@701d2b59, org.springframework.test.context.support.DirtiesContextTestExecutionListener@1999149e, org.springframework.test.context.transaction.TransactionalTestExecutionListener@65d73bd, org.springframework.test.context.jdbc.SqlScriptsTestExecutionListener@27896d3b, org.springframework.security.test.context.support.WithSecurityContextTestExecutionListener@3ed7dd70, org.springframework.test.context.event.EventPublishingTestExecutionListener@6f3b13d0, org.springframework.security.test.context.support.ReactorContextTestExecutionListener@2964511, org.springframework.boot.test.mock.mockito.ResetMocksTestExecutionListener@6e9a10cd, org.springframework.boot.test.autoconfigure.restdocs.RestDocsTestExecutionListener@6ea66c33, org.springframework.boot.test.autoconfigure.web.client.MockRestServiceServerResetTestExecutionListener@59b447a4, org.springframework.boot.test.autoconfigure.web.servlet.MockMvcPrintOnlyOnFailureTestExecutionListener@69ba3f4e, org.springframework.boot.test.autoconfigure.web.servlet.WebDriverTestExecutionListener@579846cc, org.springframework.boot.test.autoconfigure.webservices.client.MockWebServiceServerTestExecutionListener@a826ff8]
 ::                                                         ____
 /\    ____                 ____             _              \ \ \
|/\|  / ___|___  _ __ ___  / ___| _ __  _ __(_)_ __   __ _   \ \ \
     | |   / _ \| '__/ _ \ \___ \| '_ \| '__| | '_ \ / _` |   \ \ \
     | |__| (_) | | |  __/  ___) | |_) | |  | | | | | (_| |   / / /
      \____\___/|_|  \___| |____/| .__/|_|  |_|_| |_|\__, |  / / /
 ================================|_|==================|___/=/_/_/=
   :: Core Spring Training ::                  :: v5.3.23.RELEASE ::

INFO : accounts.web.AccountControllerTests - Starting AccountControllerTests using Java 17.0.9 on iyuseogs-MacBook-Pro.local with PID 20208 (started by yuseogi in /Users/yuseogi/Desktop/work/github/Today-I-Learned/SPRING/spring-certified-professional/lab/42-security-rest)
DEBUG: accounts.web.AccountControllerTests - Running with Spring Boot v2.7.5, Spring v5.3.23
INFO : accounts.web.AccountControllerTests - No active profile set, falling back to 1 default profile: "default"
INFO : o.s.s.web.DefaultSecurityFilterChain - Will secure any request with [org.springframework.security.web.session.DisableEncodeUrlFilter@165d1d54, org.springframework.security.web.context.request.async.WebAsyncManagerIntegrationFilter@4be12f6c, org.springframework.security.web.context.SecurityContextPersistenceFilter@4a9bce99, org.springframework.security.web.header.HeaderWriterFilter@a5e8260, org.springframework.security.web.authentication.logout.LogoutFilter@3dfe59d7, org.springframework.security.web.authentication.www.BasicAuthenticationFilter@59a2d756, org.springframework.security.web.savedrequest.RequestCacheAwareFilter@5a0f87e5, org.springframework.security.web.servletapi.SecurityContextHolderAwareRequestFilter@243c4346, org.springframework.security.web.authentication.AnonymousAuthenticationFilter@52cb52bd, org.springframework.security.web.session.SessionManagementFilter@30c7be6f, org.springframework.security.web.access.ExceptionTranslationFilter@2c678c7b, org.springframework.security.web.access.intercept.AuthorizationFilter@5d08976a]
INFO : o.s.b.a.w.s.WelcomePageHandlerMapping - Adding welcome page: class path resource [static/index.html]
DEBUG: _.s.web.servlet.HandlerMapping.Mappings - 
	a.w.AccountController:
	{GET [/authorities]}: getAuthoritiesForUser(String)
	{GET [/accounts/{accountId}/beneficiaries/{beneficiaryName}]}: getBeneficiary(int,String)
	{POST [/accounts/{accountId}/beneficiaries]}: addBeneficiary(long,String)
	{DELETE [/accounts/{accountId}/beneficiaries/{beneficiaryName}]}: removeBeneficiary(long,String)
	{GET [/accounts]}: accountSummary()
	{GET [/accounts/{id}]}: accountDetails(int)
	{POST [/accounts]}: createAccount(Account)
DEBUG: _.s.web.servlet.HandlerMapping.Mappings - 
	o.s.b.a.w.s.e.BasicErrorController:
	{ [/error]}: error(HttpServletRequest)
	{ [/error], produces [text/html]}: errorHtml(HttpServletRequest,HttpServletResponse)
DEBUG: _.s.web.servlet.HandlerMapping.Mappings - 'beanNameHandlerMapping' {}
DEBUG: _.s.web.servlet.HandlerMapping.Mappings - 'resourceHandlerMapping' {/webjars/**=ResourceHttpRequestHandler [classpath [META-INF/resources/webjars/]], /**=ResourceHttpRequestHandler [classpath [META-INF/resources/], classpath [resources/], classpath [static/], classpath [public/], ServletContext [/]]}
INFO : o.s.b.t.m.w.SpringBootMockServletContext - Initializing Spring TestDispatcherServlet ''
INFO : o.s.t.web.servlet.TestDispatcherServlet - Initializing Servlet ''
INFO : o.s.t.web.servlet.TestDispatcherServlet - Completed initialization in 0 ms
INFO : accounts.web.AccountControllerTests - Started AccountControllerTests in 0.273 seconds (JVM running for 2.106)
]]></system-out>
  </testcase>
  <testcase name="accountDetails_with_superadmin_credentials_should_return_200" classname="accounts.web.AccountControllerTests" time="0">
    <skipped message="public void accounts.web.AccountControllerTests.accountDetails_with_superadmin_credentials_should_return_200() throws java.lang.Exception is @Disabled"/>
  </testcase>
  <testcase name="removeBeneficiary_with_USER_or_ADMIN_role_should_return_403" classname="accounts.web.AccountControllerTests" time="0">
    <skipped message="public void accounts.web.AccountControllerTests.removeBeneficiary_with_USER_or_ADMIN_role_should_return_403() throws java.lang.Exception is @Disabled"/>
  </testcase>
  <testcase name="accountDetails_with_USER_role_should_return_200" classname="accounts.web.AccountControllerTests" time="0">
    <skipped message="public void accounts.web.AccountControllerTests.accountDetails_with_USER_role_should_return_200() throws java.lang.Exception is @Disabled"/>
  </testcase>
  <testcase name="accountSummary_with_ADMIN_role_should_return_200" classname="accounts.web.AccountControllerTests" time="0">
    <skipped message="public void accounts.web.AccountControllerTests.accountSummary_with_ADMIN_role_should_return_200() throws java.lang.Exception is @Disabled"/>
  </testcase>
  <testcase name="accountDetails_with_admin_credentials_should_return_200" classname="accounts.web.AccountControllerTests" time="0">
    <skipped message="public void accounts.web.AccountControllerTests.accountDetails_with_admin_credentials_should_return_200() throws java.lang.Exception is @Disabled"/>
  </testcase>
  <testcase name="addBeneficiary_with_ADMIN_or_SUPERADMIN_role_should_return_201" classname="accounts.web.AccountControllerTests" time="0">
    <skipped message="public void accounts.web.AccountControllerTests.addBeneficiary_with_ADMIN_or_SUPERADMIN_role_should_return_201() throws java.lang.Exception is @Disabled"/>
  </testcase>
  <testcase name="accountSummary_with_invalid_role_should_return_403" classname="accounts.web.AccountControllerTests" time="0">
    <skipped message="void accounts.web.AccountControllerTests.accountSummary_with_invalid_role_should_return_403() throws java.lang.Exception is @Disabled"/>
  </testcase>
  <testcase name="removeBeneficiary_with_SUPERADMIN_role_should_return_204" classname="accounts.web.AccountControllerTests" time="0">
    <skipped message="public void accounts.web.AccountControllerTests.removeBeneficiary_with_SUPERADMIN_role_should_return_204() throws java.lang.Exception is @Disabled"/>
  </testcase>
  <testcase name="accountDetails_with_user_credentials_should_return_200" classname="accounts.web.AccountControllerTests" time="0">
    <skipped message="public void accounts.web.AccountControllerTests.accountDetails_with_user_credentials_should_return_200() throws java.lang.Exception is @Disabled"/>
  </testcase>
  <testcase name="createAccount_with_USER_role_should_return_403" classname="accounts.web.AccountControllerTests" time="0.011"/>
  <testcase name="accountDetailsFail_test_with_USER_role_should_proceed_successfully" classname="accounts.web.AccountControllerTests" time="0">
    <skipped message="public void accounts.web.AccountControllerTests.accountDetailsFail_test_with_USER_role_should_proceed_successfully() throws java.lang.Exception is @Disabled"/>
  </testcase>
  <testcase name="removeBeneficiaryFail_test_with_SUPERADMIN_role_should_proceed_successfully" classname="accounts.web.AccountControllerTests" time="0">
    <skipped message="public void accounts.web.AccountControllerTests.removeBeneficiaryFail_test_with_SUPERADMIN_role_should_proceed_successfully() throws java.lang.Exception is @Disabled"/>
  </testcase>
  <testcase name="createAccount_with_ADMIN_or_SUPERADMIN_role_should_return_201" classname="accounts.web.AccountControllerTests" time="0">
    <skipped message="public void accounts.web.AccountControllerTests.createAccount_with_ADMIN_or_SUPERADMIN_role_should_return_201() throws java.lang.Exception is @Disabled"/>
  </testcase>
  <testcase name="addBeneficiary_with_USER_role_should_return_403" classname="accounts.web.AccountControllerTests" time="0">
    <skipped message="public void accounts.web.AccountControllerTests.addBeneficiary_with_USER_role_should_return_403() throws java.lang.Exception is @Disabled"/>
  </testcase>
</testsuite>